<?xml version="1.0" encoding="UTF-8" ?>
<testsuite tests="12" failures="0" name="escuelaing.edu.test.CNY2TEST" time="0.115" errors="0" skipped="0">
  <properties>
[...]
</properties>
  <testcase classname="escuelaing.edu.test.CNY2TEST" name="eigenProbabilidadCorresto" time="0.002"/>
  <testcase classname="escuelaing.edu.test.CNY2TEST" name="varianzaCorrecta" time="0"/>
  <testcase classname="escuelaing.edu.test.CNY2TEST" name="marblesCompCorrecto" time="0"/>
  <testcase classname="escuelaing.edu.test.CNY2TEST" name="dobleKetCorecto" time="0"/>
  <testcase classname="escuelaing.edu.test.CNY2TEST" name="rendijasCompCorrecto" time="0"/>
  <testcase classname="escuelaing.edu.test.CNY2TEST" name="marblesDobCorrecto" time="0"/>
  <testcase classname="escuelaing.edu.test.CNY2TEST" name="dinamicaExactaCorresto" time="0"/>
  <testcase classname="escuelaing.edu.test.CNY2TEST" name="rendijasDobCorrecto" time="0.002"/>
  <testcase classname="escuelaing.edu.test.CNY2TEST" name="eigenValuesCorresto" time="0"/>
  <testcase classname="escuelaing.edu.test.CNY2TEST" name="probabilidadCorecta" time="0"/>
  <testcase classname="escuelaing.edu.test.CNY2TEST" name="dinamicaCorresto" time="0"/>
  <testcase classname="escuelaing.edu.test.CNY2TEST" name="marblesIntCorrecto" time="0"/>
</testsuite>